<?xml version="1.0" encoding="UTF-8"?>
<!-- Generated by org.testng.reporters.JUnitReportReporter -->
<testsuite skipped="0" hostname="chitta-PC" name="com.crm.qa.testcases.LoginPageTest" tests="3" failures="0" timestamp="29 Mar 2019 20:55:07 GMT" time="44.058" errors="0">
  <testcase name="LoginPageTitleTest" time="10.104" classname="com.crm.qa.testcases.LoginPageTest"/>
  <testcase name="CrmProImageTest" time="10.945" classname="com.crm.qa.testcases.LoginPageTest"/>
  <testcase name="loginTest" time="23.009" classname="com.crm.qa.testcases.LoginPageTest"/>
</testsuite> <!-- com.crm.qa.testcases.LoginPageTest -->
